<?xml version="1.0" encoding="UTF-8" ?>
<testsuite tests="5" failures="2" name="TestSuite" time="4.339" errors="0" skipped="0">
  <properties>
[...]
</properties>
  <testcase classname="ActionTest" name="actionTest" time="0.009">
    <failure message="Key Down / Up events only make sense for modifier keys." type="java.lang.IllegalArgumentException">java.lang.IllegalArgumentException: Key Down / Up events only make sense for modifier keys.
	at org.openqa.selenium.interactions.internal.SingleKeyAction.&lt;init&gt;(SingleKeyAction.java:49)
	at org.openqa.selenium.interactions.internal.SingleKeyAction.&lt;init&gt;(SingleKeyAction.java:37)
	at org.openqa.selenium.interactions.KeyDownAction.&lt;init&gt;(KeyDownAction.java:40)
	at org.openqa.selenium.interactions.Actions.keyDown(Actions.java:115)
	at ActionTest.actionTest(ActionTest.java:19)
</failure>
    <system-out>Configuring TestNG with: org.apache.maven.surefire.testng.conf.TestNG652Configurator@57fa26b7
</system-out>
    <system-err>Starting ChromeDriver 78.0.3904.70 (edb9c9f3de0247fd912a77b7f6cae7447f6d3ad5-refs/branch-heads/3904@{#800}) on port 7024
Only local connections are allowed.
Please protect ports used by ChromeDriver and related test frameworks to prevent access by malicious code.
ʮһ�� 12, 2019 3:53:15 ���� org.openqa.selenium.remote.ProtocolHandshake createSession
��Ϣ: Detected dialect: W3C
</system-err>
  </testcase>
  <testcase classname="CookieTest" name="addCookie" time="0.002">
    <failure message="Required attributes are not set or any non-null attribute set to null" type="java.lang.IllegalArgumentException">java.lang.IllegalArgumentException: Required attributes are not set or any non-null attribute set to null
	at org.openqa.selenium.Cookie.validate(Cookie.java:167)
	at org.openqa.selenium.remote.RemoteWebDriver$RemoteWebDriverOptions.addCookie(RemoteWebDriver.java:681)
	at CookieTest.addCookie(CookieTest.java:31)
</failure>
    <system-err>Starting ChromeDriver 78.0.3904.70 (edb9c9f3de0247fd912a77b7f6cae7447f6d3ad5-refs/branch-heads/3904@{#800}) on port 6868
Only local connections are allowed.
Please protect ports used by ChromeDriver and related test frameworks to prevent access by malicious code.
ʮһ�� 12, 2019 3:53:17 ���� org.openqa.selenium.remote.ProtocolHandshake createSession
��Ϣ: Detected dialect: W3C
</system-err>
  </testcase>
  <testcase classname="CookieTest" name="cookieTest" time="0.015"/>
  <testcase classname="CookieTest" name="deleteCookieTest" time="0.006"/>
  <testcase classname="JavaScriptTest" name="javascriptTest2" time="4.307"/>
</testsuite>